{"level":"error","message":"No document found for query \"{ _id: new ObjectId('698cbe1065bf98160594e80f') }\" on model \"User\"","method":"POST","path":"/api/v1/auth/login","stack":"DocumentNotFoundError: No document found for query \"{ _id: new ObjectId('698cbe1065bf98160594e80f') }\" on model \"User\"\n    at model.$__save (D:\\NodeProjects\\Shops-API\\node_modules\\mongoose\\lib\\model.js:515:21)\n    at processTicksAndRejections (node:internal/process/task_queues:103:5)\n    at model.save (D:\\NodeProjects\\Shops-API\\node_modules\\mongoose\\lib\\model.js:609:5)\n    at D:\\NodeProjects\\Shops-API\\src\\controllers\\auth.js:64:3","timestamp":"2026-02-11T17:36:16.660Z"}
{"level":"error","message":"No document found for query \"{ _id: new ObjectId('698cbe0f9e4d74907ed38428') }\" on model \"User\"","method":"POST","path":"/api/v1/auth/login","stack":"DocumentNotFoundError: No document found for query \"{ _id: new ObjectId('698cbe0f9e4d74907ed38428') }\" on model \"User\"\n    at model.$__save (D:\\NodeProjects\\Shops-API\\node_modules\\mongoose\\lib\\model.js:515:21)\n    at processTicksAndRejections (node:internal/process/task_queues:103:5)\n    at model.save (D:\\NodeProjects\\Shops-API\\node_modules\\mongoose\\lib\\model.js:609:5)\n    at D:\\NodeProjects\\Shops-API\\src\\controllers\\auth.js:64:3","timestamp":"2026-02-11T17:36:16.699Z"}
{"level":"error","message":"No document found for query \"{ _id: new ObjectId('698cbe13e287cb930918d8c8') }\" on model \"User\"","method":"POST","path":"/api/v1/auth/login","stack":"DocumentNotFoundError: No document found for query \"{ _id: new ObjectId('698cbe13e287cb930918d8c8') }\" on model \"User\"\n    at model.$__save (D:\\NodeProjects\\Shops-API\\node_modules\\mongoose\\lib\\model.js:515:21)\n    at processTicksAndRejections (node:internal/process/task_queues:103:5)\n    at model.save (D:\\NodeProjects\\Shops-API\\node_modules\\mongoose\\lib\\model.js:609:5)\n    at D:\\NodeProjects\\Shops-API\\src\\controllers\\auth.js:64:3","timestamp":"2026-02-11T17:36:19.991Z"}
{"level":"error","message":"No document found for query \"{ _id: new ObjectId('698cbe1365bf98160594e825') }\" on model \"User\"","method":"POST","path":"/api/v1/auth/login","stack":"DocumentNotFoundError: No document found for query \"{ _id: new ObjectId('698cbe1365bf98160594e825') }\" on model \"User\"\n    at model.$__save (D:\\NodeProjects\\Shops-API\\node_modules\\mongoose\\lib\\model.js:515:21)\n    at processTicksAndRejections (node:internal/process/task_queues:103:5)\n    at model.save (D:\\NodeProjects\\Shops-API\\node_modules\\mongoose\\lib\\model.js:609:5)\n    at D:\\NodeProjects\\Shops-API\\src\\controllers\\auth.js:64:3","timestamp":"2026-02-11T17:36:20.009Z"}
{"level":"error","message":"No document found for query \"{ _id: new ObjectId('698cbe179e4d74907ed3845d') }\" on model \"User\"","method":"POST","path":"/api/v1/auth/login","stack":"DocumentNotFoundError: No document found for query \"{ _id: new ObjectId('698cbe179e4d74907ed3845d') }\" on model \"User\"\n    at model.$__save (D:\\NodeProjects\\Shops-API\\node_modules\\mongoose\\lib\\model.js:515:21)\n    at processTicksAndRejections (node:internal/process/task_queues:103:5)\n    at model.save (D:\\NodeProjects\\Shops-API\\node_modules\\mongoose\\lib\\model.js:609:5)\n    at D:\\NodeProjects\\Shops-API\\src\\controllers\\auth.js:64:3","timestamp":"2026-02-11T17:36:24.398Z"}
{"level":"error","message":"No document found for query \"{ _id: new ObjectId('698cbe1b3e0aaf0ab38b6770') }\" on model \"User\"","method":"POST","path":"/api/v1/auth/login","stack":"DocumentNotFoundError: No document found for query \"{ _id: new ObjectId('698cbe1b3e0aaf0ab38b6770') }\" on model \"User\"\n    at model.$__save (D:\\NodeProjects\\Shops-API\\node_modules\\mongoose\\lib\\model.js:515:21)\n    at processTicksAndRejections (node:internal/process/task_queues:103:5)\n    at model.save (D:\\NodeProjects\\Shops-API\\node_modules\\mongoose\\lib\\model.js:609:5)\n    at D:\\NodeProjects\\Shops-API\\src\\controllers\\auth.js:64:3","timestamp":"2026-02-11T17:36:27.992Z"}
{"level":"error","message":"No document found for query \"{ _id: new ObjectId('698cbe1e9e4d74907ed38492') }\" on model \"User\"","method":"POST","path":"/api/v1/auth/login","stack":"DocumentNotFoundError: No document found for query \"{ _id: new ObjectId('698cbe1e9e4d74907ed38492') }\" on model \"User\"\n    at model.$__save (D:\\NodeProjects\\Shops-API\\node_modules\\mongoose\\lib\\model.js:515:21)\n    at processTicksAndRejections (node:internal/process/task_queues:103:5)\n    at model.save (D:\\NodeProjects\\Shops-API\\node_modules\\mongoose\\lib\\model.js:609:5)\n    at D:\\NodeProjects\\Shops-API\\src\\controllers\\auth.js:64:3","timestamp":"2026-02-11T17:36:31.059Z"}
{"level":"error","message":"No document found for query \"{ _id: new ObjectId('698cbe1ff10bdc1c3cb21e46') }\" on model \"User\"","method":"POST","path":"/api/v1/auth/login","stack":"DocumentNotFoundError: No document found for query \"{ _id: new ObjectId('698cbe1ff10bdc1c3cb21e46') }\" on model \"User\"\n    at model.$__save (D:\\NodeProjects\\Shops-API\\node_modules\\mongoose\\lib\\model.js:515:21)\n    at processTicksAndRejections (node:internal/process/task_queues:103:5)\n    at model.save (D:\\NodeProjects\\Shops-API\\node_modules\\mongoose\\lib\\model.js:609:5)\n    at D:\\NodeProjects\\Shops-API\\src\\controllers\\auth.js:64:3","timestamp":"2026-02-11T17:36:31.977Z"}
{"level":"error","message":"No document found for query \"{ _id: new ObjectId('698cbe1f65bf98160594e87b') }\" on model \"User\"","method":"POST","path":"/api/v1/auth/login","stack":"DocumentNotFoundError: No document found for query \"{ _id: new ObjectId('698cbe1f65bf98160594e87b') }\" on model \"User\"\n    at model.$__save (D:\\NodeProjects\\Shops-API\\node_modules\\mongoose\\lib\\model.js:515:21)\n    at processTicksAndRejections (node:internal/process/task_queues:103:5)\n    at model.save (D:\\NodeProjects\\Shops-API\\node_modules\\mongoose\\lib\\model.js:609:5)\n    at D:\\NodeProjects\\Shops-API\\src\\controllers\\auth.js:64:3","timestamp":"2026-02-11T17:36:31.985Z"}
{"level":"error","message":"No document found for query \"{ _id: new ObjectId('698cbe22f10bdc1c3cb21e5d') }\" on model \"User\"","method":"POST","path":"/api/v1/auth/login","stack":"DocumentNotFoundError: No document found for query \"{ _id: new ObjectId('698cbe22f10bdc1c3cb21e5d') }\" on model \"User\"\n    at model.$__save (D:\\NodeProjects\\Shops-API\\node_modules\\mongoose\\lib\\model.js:515:21)\n    at processTicksAndRejections (node:internal/process/task_queues:103:5)\n    at model.save (D:\\NodeProjects\\Shops-API\\node_modules\\mongoose\\lib\\model.js:609:5)\n    at D:\\NodeProjects\\Shops-API\\src\\controllers\\auth.js:64:3","timestamp":"2026-02-11T17:36:34.699Z"}
{"level":"error","message":"No document found for query \"{ _id: new ObjectId('698cbe2265bf98160594e891') }\" on model \"User\"","method":"POST","path":"/api/v1/auth/login","stack":"DocumentNotFoundError: No document found for query \"{ _id: new ObjectId('698cbe2265bf98160594e891') }\" on model \"User\"\n    at model.$__save (D:\\NodeProjects\\Shops-API\\node_modules\\mongoose\\lib\\model.js:515:21)\n    at processTicksAndRejections (node:internal/process/task_queues:103:5)\n    at model.save (D:\\NodeProjects\\Shops-API\\node_modules\\mongoose\\lib\\model.js:609:5)\n    at D:\\NodeProjects\\Shops-API\\src\\controllers\\auth.js:64:3","timestamp":"2026-02-11T17:36:34.733Z"}
{"level":"error","message":"No document found for query \"{ _id: new ObjectId('698cbe24e287cb930918d950') }\" on model \"User\"","method":"POST","path":"/api/v1/auth/login","stack":"DocumentNotFoundError: No document found for query \"{ _id: new ObjectId('698cbe24e287cb930918d950') }\" on model \"User\"\n    at model.$__save (D:\\NodeProjects\\Shops-API\\node_modules\\mongoose\\lib\\model.js:515:21)\n    at processTicksAndRejections (node:internal/process/task_queues:103:5)\n    at model.save (D:\\NodeProjects\\Shops-API\\node_modules\\mongoose\\lib\\model.js:609:5)\n    at D:\\NodeProjects\\Shops-API\\src\\controllers\\auth.js:64:3","timestamp":"2026-02-11T17:36:37.313Z"}
{"level":"error","message":"No document found for query \"{ _id: new ObjectId('698cbe26385ed98959139be1') }\" on model \"User\"","method":"POST","path":"/api/v1/auth/login","stack":"DocumentNotFoundError: No document found for query \"{ _id: new ObjectId('698cbe26385ed98959139be1') }\" on model \"User\"\n    at model.$__save (D:\\NodeProjects\\Shops-API\\node_modules\\mongoose\\lib\\model.js:515:21)\n    at processTicksAndRejections (node:internal/process/task_queues:103:5)\n    at model.save (D:\\NodeProjects\\Shops-API\\node_modules\\mongoose\\lib\\model.js:609:5)\n    at D:\\NodeProjects\\Shops-API\\src\\controllers\\auth.js:64:3","timestamp":"2026-02-11T17:36:38.660Z"}
{"level":"error","message":"No document found for query \"{ _id: new ObjectId('698cbe27e287cb930918d967') }\" on model \"User\"","method":"POST","path":"/api/v1/auth/login","stack":"DocumentNotFoundError: No document found for query \"{ _id: new ObjectId('698cbe27e287cb930918d967') }\" on model \"User\"\n    at model.$__save (D:\\NodeProjects\\Shops-API\\node_modules\\mongoose\\lib\\model.js:515:21)\n    at processTicksAndRejections (node:internal/process/task_queues:103:5)\n    at model.save (D:\\NodeProjects\\Shops-API\\node_modules\\mongoose\\lib\\model.js:609:5)\n    at D:\\NodeProjects\\Shops-API\\src\\controllers\\auth.js:64:3","timestamp":"2026-02-11T17:36:40.048Z"}
{"level":"error","message":"No document found for query \"{ _id: new ObjectId('698cbe27f10bdc1c3cb21e8a') }\" on model \"User\"","method":"POST","path":"/api/v1/auth/login","stack":"DocumentNotFoundError: No document found for query \"{ _id: new ObjectId('698cbe27f10bdc1c3cb21e8a') }\" on model \"User\"\n    at model.$__save (D:\\NodeProjects\\Shops-API\\node_modules\\mongoose\\lib\\model.js:515:21)\n    at processTicksAndRejections (node:internal/process/task_queues:103:5)\n    at model.save (D:\\NodeProjects\\Shops-API\\node_modules\\mongoose\\lib\\model.js:609:5)\n    at D:\\NodeProjects\\Shops-API\\src\\controllers\\auth.js:64:3","timestamp":"2026-02-11T17:36:40.371Z"}
{"level":"error","message":"No document found for query \"{ _id: new ObjectId('698cbe2a9e4d74907ed384f6') }\" on model \"User\"","method":"POST","path":"/api/v1/auth/login","stack":"DocumentNotFoundError: No document found for query \"{ _id: new ObjectId('698cbe2a9e4d74907ed384f6') }\" on model \"User\"\n    at model.$__save (D:\\NodeProjects\\Shops-API\\node_modules\\mongoose\\lib\\model.js:515:21)\n    at processTicksAndRejections (node:internal/process/task_queues:103:5)\n    at model.save (D:\\NodeProjects\\Shops-API\\node_modules\\mongoose\\lib\\model.js:609:5)\n    at D:\\NodeProjects\\Shops-API\\src\\controllers\\auth.js:64:3","timestamp":"2026-02-11T17:36:43.243Z"}
{"level":"error","message":"No document found for query \"{ _id: new ObjectId('698cbe5b6989d1b9cf98d6d8') }\" on model \"User\"","method":"POST","path":"/api/v1/auth/login","stack":"DocumentNotFoundError: No document found for query \"{ _id: new ObjectId('698cbe5b6989d1b9cf98d6d8') }\" on model \"User\"\n    at model.$__save (D:\\NodeProjects\\Shops-API\\node_modules\\mongoose\\lib\\model.js:515:21)\n    at processTicksAndRejections (node:internal/process/task_queues:103:5)\n    at model.save (D:\\NodeProjects\\Shops-API\\node_modules\\mongoose\\lib\\model.js:609:5)\n    at D:\\NodeProjects\\Shops-API\\src\\controllers\\auth.js:64:3","timestamp":"2026-02-11T17:37:32.150Z"}
{"level":"error","message":"No document found for query \"{ _id: new ObjectId('698cbe5ba4caf5de9da48351') }\" on model \"User\"","method":"POST","path":"/api/v1/auth/login","stack":"DocumentNotFoundError: No document found for query \"{ _id: new ObjectId('698cbe5ba4caf5de9da48351') }\" on model \"User\"\n    at model.$__save (D:\\NodeProjects\\Shops-API\\node_modules\\mongoose\\lib\\model.js:515:21)\n    at processTicksAndRejections (node:internal/process/task_queues:103:5)\n    at model.save (D:\\NodeProjects\\Shops-API\\node_modules\\mongoose\\lib\\model.js:609:5)\n    at D:\\NodeProjects\\Shops-API\\src\\controllers\\auth.js:64:3","timestamp":"2026-02-11T17:37:32.217Z"}
{"level":"error","message":"No document found for query \"{ _id: new ObjectId('698cbe5b830c883dc73d445a') }\" on model \"User\"","method":"POST","path":"/api/v1/auth/login","stack":"DocumentNotFoundError: No document found for query \"{ _id: new ObjectId('698cbe5b830c883dc73d445a') }\" on model \"User\"\n    at model.$__save (D:\\NodeProjects\\Shops-API\\node_modules\\mongoose\\lib\\model.js:515:21)\n    at processTicksAndRejections (node:internal/process/task_queues:103:5)\n    at model.save (D:\\NodeProjects\\Shops-API\\node_modules\\mongoose\\lib\\model.js:609:5)\n    at D:\\NodeProjects\\Shops-API\\src\\controllers\\auth.js:64:3","timestamp":"2026-02-11T17:37:32.288Z"}
{"level":"error","message":"No document found for query \"{ _id: new ObjectId('698cbe5b9e2ba616d896c751') }\" on model \"User\"","method":"POST","path":"/api/v1/auth/login","stack":"DocumentNotFoundError: No document found for query \"{ _id: new ObjectId('698cbe5b9e2ba616d896c751') }\" on model \"User\"\n    at model.$__save (D:\\NodeProjects\\Shops-API\\node_modules\\mongoose\\lib\\model.js:515:21)\n    at processTicksAndRejections (node:internal/process/task_queues:103:5)\n    at model.save (D:\\NodeProjects\\Shops-API\\node_modules\\mongoose\\lib\\model.js:609:5)\n    at D:\\NodeProjects\\Shops-API\\src\\controllers\\auth.js:64:3","timestamp":"2026-02-11T17:37:32.356Z"}
{"level":"error","message":"No document found for query \"{ _id: new ObjectId('698cbe5e830c883dc73d4471') }\" on model \"User\"","method":"POST","path":"/api/v1/auth/login","stack":"DocumentNotFoundError: No document found for query \"{ _id: new ObjectId('698cbe5e830c883dc73d4471') }\" on model \"User\"\n    at model.$__save (D:\\NodeProjects\\Shops-API\\node_modules\\mongoose\\lib\\model.js:515:21)\n    at processTicksAndRejections (node:internal/process/task_queues:103:5)\n    at model.save (D:\\NodeProjects\\Shops-API\\node_modules\\mongoose\\lib\\model.js:609:5)\n    at D:\\NodeProjects\\Shops-API\\src\\controllers\\auth.js:64:3","timestamp":"2026-02-11T17:37:35.463Z"}
{"level":"error","message":"No document found for query \"{ _id: new ObjectId('698cbe5e9e2ba616d896c767') }\" on model \"User\"","method":"POST","path":"/api/v1/auth/login","stack":"DocumentNotFoundError: No document found for query \"{ _id: new ObjectId('698cbe5e9e2ba616d896c767') }\" on model \"User\"\n    at model.$__save (D:\\NodeProjects\\Shops-API\\node_modules\\mongoose\\lib\\model.js:515:21)\n    at processTicksAndRejections (node:internal/process/task_queues:103:5)\n    at model.save (D:\\NodeProjects\\Shops-API\\node_modules\\mongoose\\lib\\model.js:609:5)\n    at D:\\NodeProjects\\Shops-API\\src\\controllers\\auth.js:64:3","timestamp":"2026-02-11T17:37:35.569Z"}
{"level":"error","message":"No document found for query \"{ _id: new ObjectId('698cbe61a4caf5de9da4837d') }\" on model \"User\"","method":"POST","path":"/api/v1/auth/login","stack":"DocumentNotFoundError: No document found for query \"{ _id: new ObjectId('698cbe61a4caf5de9da4837d') }\" on model \"User\"\n    at model.$__save (D:\\NodeProjects\\Shops-API\\node_modules\\mongoose\\lib\\model.js:515:21)\n    at processTicksAndRejections (node:internal/process/task_queues:103:5)\n    at model.save (D:\\NodeProjects\\Shops-API\\node_modules\\mongoose\\lib\\model.js:609:5)\n    at D:\\NodeProjects\\Shops-API\\src\\controllers\\auth.js:64:3","timestamp":"2026-02-11T17:37:38.468Z"}
{"level":"error","message":"No document found for query \"{ _id: new ObjectId('698cbe62830c883dc73d4488') }\" on model \"User\"","method":"POST","path":"/api/v1/auth/login","stack":"DocumentNotFoundError: No document found for query \"{ _id: new ObjectId('698cbe62830c883dc73d4488') }\" on model \"User\"\n    at model.$__save (D:\\NodeProjects\\Shops-API\\node_modules\\mongoose\\lib\\model.js:515:21)\n    at processTicksAndRejections (node:internal/process/task_queues:103:5)\n    at model.save (D:\\NodeProjects\\Shops-API\\node_modules\\mongoose\\lib\\model.js:609:5)\n    at D:\\NodeProjects\\Shops-API\\src\\controllers\\auth.js:64:3","timestamp":"2026-02-11T17:37:38.652Z"}
{"level":"error","message":"No document found for query \"{ _id: new ObjectId('698cbe656989d1b9cf98d71d') }\" on model \"User\"","method":"POST","path":"/api/v1/auth/login","stack":"DocumentNotFoundError: No document found for query \"{ _id: new ObjectId('698cbe656989d1b9cf98d71d') }\" on model \"User\"\n    at model.$__save (D:\\NodeProjects\\Shops-API\\node_modules\\mongoose\\lib\\model.js:515:21)\n    at processTicksAndRejections (node:internal/process/task_queues:103:5)\n    at model.save (D:\\NodeProjects\\Shops-API\\node_modules\\mongoose\\lib\\model.js:609:5)\n    at D:\\NodeProjects\\Shops-API\\src\\controllers\\auth.js:64:3","timestamp":"2026-02-11T17:37:41.628Z"}
{"level":"error","message":"No document found for query \"{ _id: new ObjectId('698cbe65a4caf5de9da48393') }\" on model \"User\"","method":"POST","path":"/api/v1/auth/login","stack":"DocumentNotFoundError: No document found for query \"{ _id: new ObjectId('698cbe65a4caf5de9da48393') }\" on model \"User\"\n    at model.$__save (D:\\NodeProjects\\Shops-API\\node_modules\\mongoose\\lib\\model.js:515:21)\n    at processTicksAndRejections (node:internal/process/task_queues:103:5)\n    at model.save (D:\\NodeProjects\\Shops-API\\node_modules\\mongoose\\lib\\model.js:609:5)\n    at D:\\NodeProjects\\Shops-API\\src\\controllers\\auth.js:64:3","timestamp":"2026-02-11T17:37:41.649Z"}
{"level":"error","message":"No document found for query \"{ _id: new ObjectId('698cbe65830c883dc73d449f') }\" on model \"User\"","method":"POST","path":"/api/v1/auth/login","stack":"DocumentNotFoundError: No document found for query \"{ _id: new ObjectId('698cbe65830c883dc73d449f') }\" on model \"User\"\n    at model.$__save (D:\\NodeProjects\\Shops-API\\node_modules\\mongoose\\lib\\model.js:515:21)\n    at processTicksAndRejections (node:internal/process/task_queues:103:5)\n    at model.save (D:\\NodeProjects\\Shops-API\\node_modules\\mongoose\\lib\\model.js:609:5)\n    at D:\\NodeProjects\\Shops-API\\src\\controllers\\auth.js:64:3","timestamp":"2026-02-11T17:37:41.878Z"}
{"level":"error","message":"No document found for query \"{ _id: new ObjectId('698cbe68830c883dc73d44b6') }\" on model \"User\"","method":"POST","path":"/api/v1/auth/login","stack":"DocumentNotFoundError: No document found for query \"{ _id: new ObjectId('698cbe68830c883dc73d44b6') }\" on model \"User\"\n    at model.$__save (D:\\NodeProjects\\Shops-API\\node_modules\\mongoose\\lib\\model.js:515:21)\n    at processTicksAndRejections (node:internal/process/task_queues:103:5)\n    at model.save (D:\\NodeProjects\\Shops-API\\node_modules\\mongoose\\lib\\model.js:609:5)\n    at D:\\NodeProjects\\Shops-API\\src\\controllers\\auth.js:64:3","timestamp":"2026-02-11T17:37:45.030Z"}
{"level":"error","message":"No document found for query \"{ _id: new ObjectId('698cbe6b830c883dc73d44cd') }\" on model \"User\"","method":"POST","path":"/api/v1/auth/login","stack":"DocumentNotFoundError: No document found for query \"{ _id: new ObjectId('698cbe6b830c883dc73d44cd') }\" on model \"User\"\n    at model.$__save (D:\\NodeProjects\\Shops-API\\node_modules\\mongoose\\lib\\model.js:515:21)\n    at processTicksAndRejections (node:internal/process/task_queues:103:5)\n    at model.save (D:\\NodeProjects\\Shops-API\\node_modules\\mongoose\\lib\\model.js:609:5)\n    at D:\\NodeProjects\\Shops-API\\src\\controllers\\auth.js:64:3","timestamp":"2026-02-11T17:37:48.097Z"}
{"level":"error","message":"No document found for query \"{ _id: new ObjectId('698cbe6b9e2ba616d896c7bd') }\" on model \"User\"","method":"POST","path":"/api/v1/auth/login","stack":"DocumentNotFoundError: No document found for query \"{ _id: new ObjectId('698cbe6b9e2ba616d896c7bd') }\" on model \"User\"\n    at model.$__save (D:\\NodeProjects\\Shops-API\\node_modules\\mongoose\\lib\\model.js:515:21)\n    at processTicksAndRejections (node:internal/process/task_queues:103:5)\n    at model.save (D:\\NodeProjects\\Shops-API\\node_modules\\mongoose\\lib\\model.js:609:5)\n    at D:\\NodeProjects\\Shops-API\\src\\controllers\\auth.js:64:3","timestamp":"2026-02-11T17:37:48.109Z"}
{"level":"error","message":"No document found for query \"{ _id: new ObjectId('698cbe71a4caf5de9da483ea') }\" on model \"User\"","method":"POST","path":"/api/v1/auth/login","stack":"DocumentNotFoundError: No document found for query \"{ _id: new ObjectId('698cbe71a4caf5de9da483ea') }\" on model \"User\"\n    at model.$__save (D:\\NodeProjects\\Shops-API\\node_modules\\mongoose\\lib\\model.js:515:21)\n    at processTicksAndRejections (node:internal/process/task_queues:103:5)\n    at model.save (D:\\NodeProjects\\Shops-API\\node_modules\\mongoose\\lib\\model.js:609:5)\n    at D:\\NodeProjects\\Shops-API\\src\\controllers\\auth.js:64:3","timestamp":"2026-02-11T17:37:53.764Z"}
{"level":"error","message":"No document found for query \"{ _id: new ObjectId('698cbe719e2ba616d896c7e8') }\" on model \"User\"","method":"POST","path":"/api/v1/auth/login","stack":"DocumentNotFoundError: No document found for query \"{ _id: new ObjectId('698cbe719e2ba616d896c7e8') }\" on model \"User\"\n    at model.$__save (D:\\NodeProjects\\Shops-API\\node_modules\\mongoose\\lib\\model.js:515:21)\n    at processTicksAndRejections (node:internal/process/task_queues:103:5)\n    at model.save (D:\\NodeProjects\\Shops-API\\node_modules\\mongoose\\lib\\model.js:609:5)\n    at D:\\NodeProjects\\Shops-API\\src\\controllers\\auth.js:64:3","timestamp":"2026-02-11T17:37:53.978Z"}
{"level":"error","message":"No document found for query \"{ _id: new ObjectId('698cbe74e499e5089e35a36a') }\" on model \"User\"","method":"POST","path":"/api/v1/auth/login","stack":"DocumentNotFoundError: No document found for query \"{ _id: new ObjectId('698cbe74e499e5089e35a36a') }\" on model \"User\"\n    at model.$__save (D:\\NodeProjects\\Shops-API\\node_modules\\mongoose\\lib\\model.js:515:21)\n    at processTicksAndRejections (node:internal/process/task_queues:103:5)\n    at model.save (D:\\NodeProjects\\Shops-API\\node_modules\\mongoose\\lib\\model.js:609:5)\n    at D:\\NodeProjects\\Shops-API\\src\\controllers\\auth.js:64:3","timestamp":"2026-02-11T17:37:56.864Z"}
{"level":"error","message":"No document found for query \"{ _id: new ObjectId('698cbe77e499e5089e35a380') }\" on model \"User\"","method":"POST","path":"/api/v1/auth/login","stack":"DocumentNotFoundError: No document found for query \"{ _id: new ObjectId('698cbe77e499e5089e35a380') }\" on model \"User\"\n    at model.$__save (D:\\NodeProjects\\Shops-API\\node_modules\\mongoose\\lib\\model.js:515:21)\n    at processTicksAndRejections (node:internal/process/task_queues:103:5)\n    at model.save (D:\\NodeProjects\\Shops-API\\node_modules\\mongoose\\lib\\model.js:609:5)\n    at D:\\NodeProjects\\Shops-API\\src\\controllers\\auth.js:64:3","timestamp":"2026-02-11T17:38:00.057Z"}
{"level":"error","message":"Cannot destructure property 'refreshToken' of 'req.body' as it is undefined.","method":"POST","path":"/api/v1/auth/refresh-token","stack":"TypeError: Cannot destructure property 'refreshToken' of 'req.body' as it is undefined.\n    at file:///D:/NodeProjects/Shops-API/src/controllers/auth.js:70:11\n    at file:///D:/NodeProjects/Shops-API/src/utils/asyncHandler.js:3:19\n    at Layer.handleRequest (D:\\NodeProjects\\Shops-API\\node_modules\\router\\lib\\layer.js:152:17)\n    at next (D:\\NodeProjects\\Shops-API\\node_modules\\router\\lib\\route.js:157:13)\n    at Route.dispatch (D:\\NodeProjects\\Shops-API\\node_modules\\router\\lib\\route.js:117:3)\n    at handle (D:\\NodeProjects\\Shops-API\\node_modules\\router\\index.js:435:11)\n    at Layer.handleRequest (D:\\NodeProjects\\Shops-API\\node_modules\\router\\lib\\layer.js:152:17)\n    at D:\\NodeProjects\\Shops-API\\node_modules\\router\\index.js:295:15\n    at processParams (D:\\NodeProjects\\Shops-API\\node_modules\\router\\index.js:582:12)\n    at next (D:\\NodeProjects\\Shops-API\\node_modules\\router\\index.js:291:5)","timestamp":"2026-02-11T18:25:13.483Z"}
{"level":"error","message":"Cannot destructure property 'refreshToken' of 'req.body' as it is undefined.","method":"POST","path":"/api/v1/auth/refresh-token","stack":"TypeError: Cannot destructure property 'refreshToken' of 'req.body' as it is undefined.\n    at file:///D:/NodeProjects/Shops-API/src/controllers/auth.js:70:11\n    at file:///D:/NodeProjects/Shops-API/src/utils/asyncHandler.js:3:19\n    at Layer.handleRequest (D:\\NodeProjects\\Shops-API\\node_modules\\router\\lib\\layer.js:152:17)\n    at next (D:\\NodeProjects\\Shops-API\\node_modules\\router\\lib\\route.js:157:13)\n    at Route.dispatch (D:\\NodeProjects\\Shops-API\\node_modules\\router\\lib\\route.js:117:3)\n    at handle (D:\\NodeProjects\\Shops-API\\node_modules\\router\\index.js:435:11)\n    at Layer.handleRequest (D:\\NodeProjects\\Shops-API\\node_modules\\router\\lib\\layer.js:152:17)\n    at D:\\NodeProjects\\Shops-API\\node_modules\\router\\index.js:295:15\n    at processParams (D:\\NodeProjects\\Shops-API\\node_modules\\router\\index.js:582:12)\n    at next (D:\\NodeProjects\\Shops-API\\node_modules\\router\\index.js:291:5)","timestamp":"2026-02-11T18:25:35.517Z"}
{"level":"error","message":"Cannot destructure property 'refreshToken' of 'req.body' as it is undefined.","method":"POST","path":"/api/v1/auth/refresh-token","stack":"TypeError: Cannot destructure property 'refreshToken' of 'req.body' as it is undefined.\n    at file:///D:/NodeProjects/Shops-API/src/controllers/auth.js:70:11\n    at file:///D:/NodeProjects/Shops-API/src/utils/asyncHandler.js:3:19\n    at Layer.handleRequest (D:\\NodeProjects\\Shops-API\\node_modules\\router\\lib\\layer.js:152:17)\n    at next (D:\\NodeProjects\\Shops-API\\node_modules\\router\\lib\\route.js:157:13)\n    at Route.dispatch (D:\\NodeProjects\\Shops-API\\node_modules\\router\\lib\\route.js:117:3)\n    at handle (D:\\NodeProjects\\Shops-API\\node_modules\\router\\index.js:435:11)\n    at Layer.handleRequest (D:\\NodeProjects\\Shops-API\\node_modules\\router\\lib\\layer.js:152:17)\n    at D:\\NodeProjects\\Shops-API\\node_modules\\router\\index.js:295:15\n    at processParams (D:\\NodeProjects\\Shops-API\\node_modules\\router\\index.js:582:12)\n    at next (D:\\NodeProjects\\Shops-API\\node_modules\\router\\index.js:291:5)","timestamp":"2026-02-11T18:27:18.550Z"}
{"level":"error","message":"Cannot destructure property 'refreshToken' of 'req.body' as it is undefined.","method":"POST","path":"/api/v1/auth/refresh-token","stack":"TypeError: Cannot destructure property 'refreshToken' of 'req.body' as it is undefined.\n    at file:///D:/NodeProjects/Shops-API/src/controllers/auth.js:70:11\n    at file:///D:/NodeProjects/Shops-API/src/utils/asyncHandler.js:3:19\n    at Layer.handleRequest (D:\\NodeProjects\\Shops-API\\node_modules\\router\\lib\\layer.js:152:17)\n    at next (D:\\NodeProjects\\Shops-API\\node_modules\\router\\lib\\route.js:157:13)\n    at Route.dispatch (D:\\NodeProjects\\Shops-API\\node_modules\\router\\lib\\route.js:117:3)\n    at handle (D:\\NodeProjects\\Shops-API\\node_modules\\router\\index.js:435:11)\n    at Layer.handleRequest (D:\\NodeProjects\\Shops-API\\node_modules\\router\\lib\\layer.js:152:17)\n    at D:\\NodeProjects\\Shops-API\\node_modules\\router\\index.js:295:15\n    at processParams (D:\\NodeProjects\\Shops-API\\node_modules\\router\\index.js:582:12)\n    at next (D:\\NodeProjects\\Shops-API\\node_modules\\router\\index.js:291:5)","timestamp":"2026-02-11T18:28:42.949Z"}
{"level":"error","message":"Cannot destructure property 'refreshToken' of 'req.body' as it is undefined.","method":"POST","path":"/api/v1/auth/refresh-token","stack":"TypeError: Cannot destructure property 'refreshToken' of 'req.body' as it is undefined.\n    at file:///D:/NodeProjects/Shops-API/src/controllers/auth.js:70:11\n    at file:///D:/NodeProjects/Shops-API/src/utils/asyncHandler.js:3:19\n    at Layer.handleRequest (D:\\NodeProjects\\Shops-API\\node_modules\\router\\lib\\layer.js:152:17)\n    at next (D:\\NodeProjects\\Shops-API\\node_modules\\router\\lib\\route.js:157:13)\n    at Route.dispatch (D:\\NodeProjects\\Shops-API\\node_modules\\router\\lib\\route.js:117:3)\n    at handle (D:\\NodeProjects\\Shops-API\\node_modules\\router\\index.js:435:11)\n    at Layer.handleRequest (D:\\NodeProjects\\Shops-API\\node_modules\\router\\lib\\layer.js:152:17)\n    at D:\\NodeProjects\\Shops-API\\node_modules\\router\\index.js:295:15\n    at processParams (D:\\NodeProjects\\Shops-API\\node_modules\\router\\index.js:582:12)\n    at next (D:\\NodeProjects\\Shops-API\\node_modules\\router\\index.js:291:5)","timestamp":"2026-02-12T12:16:21.698Z"}
{"level":"error","message":"Cannot destructure property 'refreshToken' of 'req.body' as it is undefined.","method":"POST","path":"/api/v1/auth/refresh-token","stack":"TypeError: Cannot destructure property 'refreshToken' of 'req.body' as it is undefined.\n    at file:///D:/NodeProjects/Shops-API/src/controllers/auth.js:70:11\n    at file:///D:/NodeProjects/Shops-API/src/utils/asyncHandler.js:3:19\n    at Layer.handleRequest (D:\\NodeProjects\\Shops-API\\node_modules\\router\\lib\\layer.js:152:17)\n    at next (D:\\NodeProjects\\Shops-API\\node_modules\\router\\lib\\route.js:157:13)\n    at Route.dispatch (D:\\NodeProjects\\Shops-API\\node_modules\\router\\lib\\route.js:117:3)\n    at handle (D:\\NodeProjects\\Shops-API\\node_modules\\router\\index.js:435:11)\n    at Layer.handleRequest (D:\\NodeProjects\\Shops-API\\node_modules\\router\\lib\\layer.js:152:17)\n    at D:\\NodeProjects\\Shops-API\\node_modules\\router\\index.js:295:15\n    at processParams (D:\\NodeProjects\\Shops-API\\node_modules\\router\\index.js:582:12)\n    at next (D:\\NodeProjects\\Shops-API\\node_modules\\router\\index.js:291:5)","timestamp":"2026-02-12T12:18:44.081Z"}
{"level":"error","message":"Cast to ObjectId failed for value \"my-shop-2671\" (type string) at path \"_id\" for model \"Shop\"","method":"PATCH","path":"/api/v1/shops/my-shop-2671","stack":"CastError: Cast to ObjectId failed for value \"my-shop-2671\" (type string) at path \"_id\" for model \"Shop\"\n    at SchemaObjectId.cast (D:\\NodeProjects\\Shops-API\\node_modules\\mongoose\\lib\\schema\\objectId.js:253:11)\n    at SchemaType.applySetters (D:\\NodeProjects\\Shops-API\\node_modules\\mongoose\\lib\\schemaType.js:1280:12)\n    at SchemaType.castForQuery (D:\\NodeProjects\\Shops-API\\node_modules\\mongoose\\lib\\schemaType.js:1706:17)\n    at cast (D:\\NodeProjects\\Shops-API\\node_modules\\mongoose\\lib\\cast.js:386:32)\n    at Query.cast (D:\\NodeProjects\\Shops-API\\node_modules\\mongoose\\lib\\query.js:5050:12)\n    at Query._castConditions (D:\\NodeProjects\\Shops-API\\node_modules\\mongoose\\lib\\query.js:2374:10)\n    at model.Query._findOne (D:\\NodeProjects\\Shops-API\\node_modules\\mongoose\\lib\\query.js:2714:8)\n    at model.Query.exec (D:\\NodeProjects\\Shops-API\\node_modules\\mongoose\\lib\\query.js:4662:80)\n    at process.processTicksAndRejections (node:internal/process/task_queues:103:5)\n    at async isShopOwner (file:///D:/NodeProjects/Shops-API/src/middleware/owner.js:8:16)","timestamp":"2026-02-12T12:30:21.714Z"}
{"level":"error","message":"Cast to ObjectId failed for value \"{{shopId}}\" (type string) at path \"shop\" for model \"Product\"","method":"GET","path":"/api/v1/products/shops/%7B%7BshopId%7D%7D","stack":"CastError: Cast to ObjectId failed for value \"{{shopId}}\" (type string) at path \"shop\" for model \"Product\"\n    at SchemaObjectId.cast (D:\\NodeProjects\\Shops-API\\node_modules\\mongoose\\lib\\schema\\objectId.js:253:11)\n    at SchemaType.applySetters (D:\\NodeProjects\\Shops-API\\node_modules\\mongoose\\lib\\schemaType.js:1280:12)\n    at SchemaType.castForQuery (D:\\NodeProjects\\Shops-API\\node_modules\\mongoose\\lib\\schemaType.js:1706:17)\n    at cast (D:\\NodeProjects\\Shops-API\\node_modules\\mongoose\\lib\\cast.js:386:32)\n    at Query.cast (D:\\NodeProjects\\Shops-API\\node_modules\\mongoose\\lib\\query.js:5050:12)\n    at Query._castConditions (D:\\NodeProjects\\Shops-API\\node_modules\\mongoose\\lib\\query.js:2374:10)\n    at model.Query._find (D:\\NodeProjects\\Shops-API\\node_modules\\mongoose\\lib\\query.js:2401:8)\n    at model.Query.exec (D:\\NodeProjects\\Shops-API\\node_modules\\mongoose\\lib\\query.js:4662:80)\n    at process.processTicksAndRejections (node:internal/process/task_queues:103:5)\n    at async file:///D:/NodeProjects/Shops-API/src/controllers/product.js:47:20","timestamp":"2026-02-12T12:46:08.459Z"}
{"level":"error","message":"Cast to ObjectId failed for value \"{{productId}}\" (type string) at path \"_id\" for model \"Product\"","method":"POST","path":"/api/v1/products/%7B%7BproductId%7D%7D/like","stack":"CastError: Cast to ObjectId failed for value \"{{productId}}\" (type string) at path \"_id\" for model \"Product\"\n    at SchemaObjectId.cast (D:\\NodeProjects\\Shops-API\\node_modules\\mongoose\\lib\\schema\\objectId.js:253:11)\n    at SchemaType.applySetters (D:\\NodeProjects\\Shops-API\\node_modules\\mongoose\\lib\\schemaType.js:1280:12)\n    at SchemaType.castForQuery (D:\\NodeProjects\\Shops-API\\node_modules\\mongoose\\lib\\schemaType.js:1706:17)\n    at cast (D:\\NodeProjects\\Shops-API\\node_modules\\mongoose\\lib\\cast.js:386:32)\n    at Query.cast (D:\\NodeProjects\\Shops-API\\node_modules\\mongoose\\lib\\query.js:5050:12)\n    at Query._castConditions (D:\\NodeProjects\\Shops-API\\node_modules\\mongoose\\lib\\query.js:2374:10)\n    at model.Query._findOne (D:\\NodeProjects\\Shops-API\\node_modules\\mongoose\\lib\\query.js:2714:8)\n    at model.Query.exec (D:\\NodeProjects\\Shops-API\\node_modules\\mongoose\\lib\\query.js:4662:80)\n    at process.processTicksAndRejections (node:internal/process/task_queues:103:5)\n    at async file:///D:/NodeProjects/Shops-API/src/controllers/product.js:108:19","timestamp":"2026-02-12T12:46:44.624Z"}
{"level":"error","message":"Cannot destructure property 'reason' of 'req.body' as it is undefined.","method":"PATCH","path":"/api/v1/orders/698dcd5be7c3b903ae75ce2e/decline","stack":"TypeError: Cannot destructure property 'reason' of 'req.body' as it is undefined.\n    at file:///D:/NodeProjects/Shops-API/src/controllers/order.js:155:11\n    at file:///D:/NodeProjects/Shops-API/src/utils/asyncHandler.js:3:19\n    at Layer.handleRequest (D:\\NodeProjects\\Shops-API\\node_modules\\router\\lib\\layer.js:152:17)\n    at next (D:\\NodeProjects\\Shops-API\\node_modules\\router\\lib\\route.js:157:13)\n    at isOrderOwner (file:///D:/NodeProjects/Shops-API/src/middleware/owner.js:30:3)\n    at process.processTicksAndRejections (node:internal/process/task_queues:103:5)","timestamp":"2026-02-12T13:23:46.645Z"}
{"level":"error","message":"Cast to ObjectId failed for value \"{{reviewId}}\" (type string) at path \"_id\" for model \"Review\"","method":"DELETE","path":"/api/v1/reviews/%7B%7BreviewId%7D%7D","stack":"CastError: Cast to ObjectId failed for value \"{{reviewId}}\" (type string) at path \"_id\" for model \"Review\"\n    at SchemaObjectId.cast (D:\\NodeProjects\\Shops-API\\node_modules\\mongoose\\lib\\schema\\objectId.js:253:11)\n    at SchemaType.applySetters (D:\\NodeProjects\\Shops-API\\node_modules\\mongoose\\lib\\schemaType.js:1280:12)\n    at SchemaType.castForQuery (D:\\NodeProjects\\Shops-API\\node_modules\\mongoose\\lib\\schemaType.js:1706:17)\n    at cast (D:\\NodeProjects\\Shops-API\\node_modules\\mongoose\\lib\\cast.js:386:32)\n    at Query.cast (D:\\NodeProjects\\Shops-API\\node_modules\\mongoose\\lib\\query.js:5050:12)\n    at Query._castConditions (D:\\NodeProjects\\Shops-API\\node_modules\\mongoose\\lib\\query.js:2374:10)\n    at model.Query._findOne (D:\\NodeProjects\\Shops-API\\node_modules\\mongoose\\lib\\query.js:2714:8)\n    at model.Query.exec (D:\\NodeProjects\\Shops-API\\node_modules\\mongoose\\lib\\query.js:4662:80)\n    at process.processTicksAndRejections (node:internal/process/task_queues:103:5)\n    at async file:///D:/NodeProjects/Shops-API/src/controllers/review.js:111:18","timestamp":"2026-02-12T13:29:18.577Z"}
{"level":"error","message":"error processing query: ns=shopdb_test.users limit=10Tree: $or\n    bio regex /test/i\n    name regex /test/i\n    TEXT : query=test, language=english, caseSensitive=0, diacriticSensitive=0\nSort: { createdAt: -1 }\nProj: { password: 0, refreshToken: 0 }\n planner returned error :: caused by :: Failed to produce a solution for TEXT under OR - other non-TEXT clauses under OR have to be indexed as well.","method":"GET","path":"/api/v1/search","stack":"MongoServerError: error processing query: ns=shopdb_test.users limit=10Tree: $or\n    bio regex /test/i\n    name regex /test/i\n    TEXT : query=test, language=english, caseSensitive=0, diacriticSensitive=0\nSort: { createdAt: -1 }\nProj: { password: 0, refreshToken: 0 }\n planner returned error :: caused by :: Failed to produce a solution for TEXT under OR - other non-TEXT clauses under OR have to be indexed as well.\n    at Connection.sendCommand (D:\\NodeProjects\\Shops-API\\node_modules\\mongodb\\lib\\cmap\\connection.js:320:27)\n    at process.processTicksAndRejections (node:internal/process/task_queues:103:5)\n    at async Connection.command (D:\\NodeProjects\\Shops-API\\node_modules\\mongodb\\lib\\cmap\\connection.js:344:26)\n    at async Server.command (D:\\NodeProjects\\Shops-API\\node_modules\\mongodb\\lib\\sdam\\server.js:208:29)\n    at async tryOperation (D:\\NodeProjects\\Shops-API\\node_modules\\mongodb\\lib\\operations\\execute_operation.js:215:32)\n    at async executeOperation (D:\\NodeProjects\\Shops-API\\node_modules\\mongodb\\lib\\operations\\execute_operation.js:80:16)\n    at async FindCursor._initialize (D:\\NodeProjects\\Shops-API\\node_modules\\mongodb\\lib\\cursor\\find_cursor.js:62:26)\n    at async FindCursor.cursorInit (D:\\NodeProjects\\Shops-API\\node_modules\\mongodb\\lib\\cursor\\abstract_cursor.js:620:27)\n    at async FindCursor.fetchBatch (D:\\NodeProjects\\Shops-API\\node_modules\\mongodb\\lib\\cursor\\abstract_cursor.js:654:13)\n    at async FindCursor.next (D:\\NodeProjects\\Shops-API\\node_modules\\mongodb\\lib\\cursor\\abstract_cursor.js:326:17)","timestamp":"2026-02-12T13:29:46.212Z"}
{"level":"error","message":"error processing query: ns=shopdb_test.users limit=10Tree: $or\n    bio regex /test/i\n    name regex /test/i\n    TEXT : query=test, language=english, caseSensitive=0, diacriticSensitive=0\nSort: { createdAt: -1 }\nProj: { password: 0, refreshToken: 0 }\n planner returned error :: caused by :: Failed to produce a solution for TEXT under OR - other non-TEXT clauses under OR have to be indexed as well.","method":"GET","path":"/api/v1/search","stack":"MongoServerError: error processing query: ns=shopdb_test.users limit=10Tree: $or\n    bio regex /test/i\n    name regex /test/i\n    TEXT : query=test, language=english, caseSensitive=0, diacriticSensitive=0\nSort: { createdAt: -1 }\nProj: { password: 0, refreshToken: 0 }\n planner returned error :: caused by :: Failed to produce a solution for TEXT under OR - other non-TEXT clauses under OR have to be indexed as well.\n    at Connection.sendCommand (D:\\NodeProjects\\Shops-API\\node_modules\\mongodb\\lib\\cmap\\connection.js:320:27)\n    at process.processTicksAndRejections (node:internal/process/task_queues:103:5)\n    at async Connection.command (D:\\NodeProjects\\Shops-API\\node_modules\\mongodb\\lib\\cmap\\connection.js:344:26)\n    at async Server.command (D:\\NodeProjects\\Shops-API\\node_modules\\mongodb\\lib\\sdam\\server.js:208:29)\n    at async tryOperation (D:\\NodeProjects\\Shops-API\\node_modules\\mongodb\\lib\\operations\\execute_operation.js:215:32)\n    at async executeOperation (D:\\NodeProjects\\Shops-API\\node_modules\\mongodb\\lib\\operations\\execute_operation.js:80:16)\n    at async FindCursor._initialize (D:\\NodeProjects\\Shops-API\\node_modules\\mongodb\\lib\\cursor\\find_cursor.js:62:26)\n    at async FindCursor.cursorInit (D:\\NodeProjects\\Shops-API\\node_modules\\mongodb\\lib\\cursor\\abstract_cursor.js:620:27)\n    at async FindCursor.fetchBatch (D:\\NodeProjects\\Shops-API\\node_modules\\mongodb\\lib\\cursor\\abstract_cursor.js:654:13)\n    at async FindCursor.next (D:\\NodeProjects\\Shops-API\\node_modules\\mongodb\\lib\\cursor\\abstract_cursor.js:326:17)","timestamp":"2026-02-12T13:30:44.998Z"}
{"level":"error","message":"Executor error during find command: shopdb_test.shops :: caused by :: cannot sort with keys that are parallel arrays","method":"GET","path":"/api/v1/search/trending","stack":"MongoServerError: Executor error during find command: shopdb_test.shops :: caused by :: cannot sort with keys that are parallel arrays\n    at Connection.sendCommand (D:\\NodeProjects\\Shops-API\\node_modules\\mongodb\\lib\\cmap\\connection.js:320:27)\n    at process.processTicksAndRejections (node:internal/process/task_queues:103:5)\n    at async Connection.command (D:\\NodeProjects\\Shops-API\\node_modules\\mongodb\\lib\\cmap\\connection.js:344:26)\n    at async Server.command (D:\\NodeProjects\\Shops-API\\node_modules\\mongodb\\lib\\sdam\\server.js:208:29)\n    at async tryOperation (D:\\NodeProjects\\Shops-API\\node_modules\\mongodb\\lib\\operations\\execute_operation.js:215:32)\n    at async executeOperation (D:\\NodeProjects\\Shops-API\\node_modules\\mongodb\\lib\\operations\\execute_operation.js:80:16)\n    at async FindCursor._initialize (D:\\NodeProjects\\Shops-API\\node_modules\\mongodb\\lib\\cursor\\find_cursor.js:62:26)\n    at async FindCursor.cursorInit (D:\\NodeProjects\\Shops-API\\node_modules\\mongodb\\lib\\cursor\\abstract_cursor.js:620:27)\n    at async FindCursor.fetchBatch (D:\\NodeProjects\\Shops-API\\node_modules\\mongodb\\lib\\cursor\\abstract_cursor.js:654:13)\n    at async FindCursor.next (D:\\NodeProjects\\Shops-API\\node_modules\\mongodb\\lib\\cursor\\abstract_cursor.js:326:17)","timestamp":"2026-02-12T13:37:32.296Z"}
{"level":"error","message":"Executor error during find command: shopdb_test.shops :: caused by :: cannot sort with keys that are parallel arrays","method":"GET","path":"/api/v1/search/trending","stack":"MongoServerError: Executor error during find command: shopdb_test.shops :: caused by :: cannot sort with keys that are parallel arrays\n    at Connection.sendCommand (D:\\NodeProjects\\Shops-API\\node_modules\\mongodb\\lib\\cmap\\connection.js:320:27)\n    at process.processTicksAndRejections (node:internal/process/task_queues:103:5)\n    at async Connection.command (D:\\NodeProjects\\Shops-API\\node_modules\\mongodb\\lib\\cmap\\connection.js:344:26)\n    at async Server.command (D:\\NodeProjects\\Shops-API\\node_modules\\mongodb\\lib\\sdam\\server.js:208:29)\n    at async tryOperation (D:\\NodeProjects\\Shops-API\\node_modules\\mongodb\\lib\\operations\\execute_operation.js:215:32)\n    at async executeOperation (D:\\NodeProjects\\Shops-API\\node_modules\\mongodb\\lib\\operations\\execute_operation.js:80:16)\n    at async FindCursor._initialize (D:\\NodeProjects\\Shops-API\\node_modules\\mongodb\\lib\\cursor\\find_cursor.js:62:26)\n    at async FindCursor.cursorInit (D:\\NodeProjects\\Shops-API\\node_modules\\mongodb\\lib\\cursor\\abstract_cursor.js:620:27)\n    at async FindCursor.fetchBatch (D:\\NodeProjects\\Shops-API\\node_modules\\mongodb\\lib\\cursor\\abstract_cursor.js:654:13)\n    at async FindCursor.next (D:\\NodeProjects\\Shops-API\\node_modules\\mongodb\\lib\\cursor\\abstract_cursor.js:326:17)","timestamp":"2026-02-12T13:38:56.193Z"}
{"level":"error","message":"Class constructor ObjectId cannot be invoked without 'new'","method":"GET","path":"/api/v1/analytics/shop/698dc76ce7c3b903ae75cdc1","stack":"TypeError: Class constructor ObjectId cannot be invoked without 'new'\n    at file:///D:/NodeProjects/Shops-API/src/controllers/analytics.js:34:38\n    at process.processTicksAndRejections (node:internal/process/task_queues:103:5)","timestamp":"2026-02-12T13:41:19.833Z"}
{"level":"error","message":"Cast to ObjectId failed for value \"{{orderId}}\" (type string) at path \"_id\" for model \"Order\"","method":"PATCH","path":"/api/v1/orders/%7B%7BorderId%7D%7D/approve","stack":"CastError: Cast to ObjectId failed for value \"{{orderId}}\" (type string) at path \"_id\" for model \"Order\"\n    at SchemaObjectId.cast (D:\\NodeProjects\\Shops-API\\node_modules\\mongoose\\lib\\schema\\objectId.js:253:11)\n    at SchemaType.applySetters (D:\\NodeProjects\\Shops-API\\node_modules\\mongoose\\lib\\schemaType.js:1280:12)\n    at SchemaType.castForQuery (D:\\NodeProjects\\Shops-API\\node_modules\\mongoose\\lib\\schemaType.js:1706:17)\n    at cast (D:\\NodeProjects\\Shops-API\\node_modules\\mongoose\\lib\\cast.js:386:32)\n    at Query.cast (D:\\NodeProjects\\Shops-API\\node_modules\\mongoose\\lib\\query.js:5050:12)\n    at Query._castConditions (D:\\NodeProjects\\Shops-API\\node_modules\\mongoose\\lib\\query.js:2374:10)\n    at model.Query._findOne (D:\\NodeProjects\\Shops-API\\node_modules\\mongoose\\lib\\query.js:2714:8)\n    at model.Query.exec (D:\\NodeProjects\\Shops-API\\node_modules\\mongoose\\lib\\query.js:4662:80)\n    at process.processTicksAndRejections (node:internal/process/task_queues:103:5)\n    at async isOrderOwner (file:///D:/NodeProjects/Shops-API/src/middleware/owner.js:25:17)","timestamp":"2026-02-12T13:44:50.041Z"}
{"level":"error","message":"Assignment to constant variable.","method":"POST","path":"/api/v1/chats/698dc76ce7c3b903ae75cdc1/send","stack":"TypeError: Assignment to constant variable.\n    at file:///D:/NodeProjects/Shops-API/src/controllers/chat.js:84:12\n    at file:///D:/NodeProjects/Shops-API/src/utils/asyncHandler.js:3:19\n    at Layer.handleRequest (D:\\NodeProjects\\Shops-API\\node_modules\\router\\lib\\layer.js:152:17)\n    at next (D:\\NodeProjects\\Shops-API\\node_modules\\router\\lib\\route.js:157:13)\n    at file:///D:/NodeProjects/Shops-API/src/middleware/validate.js:10:3\n    at Layer.handleRequest (D:\\NodeProjects\\Shops-API\\node_modules\\router\\lib\\layer.js:152:17)\n    at next (D:\\NodeProjects\\Shops-API\\node_modules\\router\\lib\\route.js:157:13)\n    at authMiddleware (file:///D:/NodeProjects/Shops-API/src/middleware/auth.js:11:5)\n    at Layer.handleRequest (D:\\NodeProjects\\Shops-API\\node_modules\\router\\lib\\layer.js:152:17)\n    at next (D:\\NodeProjects\\Shops-API\\node_modules\\router\\lib\\route.js:157:13)","timestamp":"2026-02-12T13:49:39.903Z"}
{"level":"error","message":"Assignment to constant variable.","method":"POST","path":"/api/v1/chats/698dc76ce7c3b903ae75cdc1/send","stack":"TypeError: Assignment to constant variable.\n    at file:///D:/NodeProjects/Shops-API/src/controllers/chat.js:84:12\n    at file:///D:/NodeProjects/Shops-API/src/utils/asyncHandler.js:3:19\n    at Layer.handleRequest (D:\\NodeProjects\\Shops-API\\node_modules\\router\\lib\\layer.js:152:17)\n    at next (D:\\NodeProjects\\Shops-API\\node_modules\\router\\lib\\route.js:157:13)\n    at file:///D:/NodeProjects/Shops-API/src/middleware/validate.js:10:3\n    at Layer.handleRequest (D:\\NodeProjects\\Shops-API\\node_modules\\router\\lib\\layer.js:152:17)\n    at next (D:\\NodeProjects\\Shops-API\\node_modules\\router\\lib\\route.js:157:13)\n    at authMiddleware (file:///D:/NodeProjects/Shops-API/src/middleware/auth.js:11:5)\n    at Layer.handleRequest (D:\\NodeProjects\\Shops-API\\node_modules\\router\\lib\\layer.js:152:17)\n    at next (D:\\NodeProjects\\Shops-API\\node_modules\\router\\lib\\route.js:157:13)","timestamp":"2026-02-12T13:49:43.030Z"}
{"level":"error","message":"Executor error during find command: shopdb_test.products :: caused by :: cannot sort with keys that are parallel arrays","method":"GET","path":"/api/v1/feed","stack":"MongoServerError: Executor error during find command: shopdb_test.products :: caused by :: cannot sort with keys that are parallel arrays\n    at Connection.sendCommand (D:\\NodeProjects\\Shops-API\\node_modules\\mongodb\\lib\\cmap\\connection.js:320:27)\n    at process.processTicksAndRejections (node:internal/process/task_queues:103:5)\n    at async Connection.command (D:\\NodeProjects\\Shops-API\\node_modules\\mongodb\\lib\\cmap\\connection.js:344:26)\n    at async Server.command (D:\\NodeProjects\\Shops-API\\node_modules\\mongodb\\lib\\sdam\\server.js:208:29)\n    at async tryOperation (D:\\NodeProjects\\Shops-API\\node_modules\\mongodb\\lib\\operations\\execute_operation.js:215:32)\n    at async executeOperation (D:\\NodeProjects\\Shops-API\\node_modules\\mongodb\\lib\\operations\\execute_operation.js:80:16)\n    at async FindCursor._initialize (D:\\NodeProjects\\Shops-API\\node_modules\\mongodb\\lib\\cursor\\find_cursor.js:62:26)\n    at async FindCursor.cursorInit (D:\\NodeProjects\\Shops-API\\node_modules\\mongodb\\lib\\cursor\\abstract_cursor.js:620:27)\n    at async FindCursor.fetchBatch (D:\\NodeProjects\\Shops-API\\node_modules\\mongodb\\lib\\cursor\\abstract_cursor.js:654:13)\n    at async FindCursor.next (D:\\NodeProjects\\Shops-API\\node_modules\\mongodb\\lib\\cursor\\abstract_cursor.js:326:17)","timestamp":"2026-02-12T13:57:25.415Z"}
{"level":"error","message":"Executor error during find command: shopdb_test.products :: caused by :: cannot sort with keys that are parallel arrays","method":"GET","path":"/api/v1/feed","stack":"MongoServerError: Executor error during find command: shopdb_test.products :: caused by :: cannot sort with keys that are parallel arrays\n    at Connection.sendCommand (D:\\NodeProjects\\Shops-API\\node_modules\\mongodb\\lib\\cmap\\connection.js:320:27)\n    at process.processTicksAndRejections (node:internal/process/task_queues:103:5)\n    at async Connection.command (D:\\NodeProjects\\Shops-API\\node_modules\\mongodb\\lib\\cmap\\connection.js:344:26)\n    at async Server.command (D:\\NodeProjects\\Shops-API\\node_modules\\mongodb\\lib\\sdam\\server.js:208:29)\n    at async tryOperation (D:\\NodeProjects\\Shops-API\\node_modules\\mongodb\\lib\\operations\\execute_operation.js:215:32)\n    at async executeOperation (D:\\NodeProjects\\Shops-API\\node_modules\\mongodb\\lib\\operations\\execute_operation.js:80:16)\n    at async FindCursor._initialize (D:\\NodeProjects\\Shops-API\\node_modules\\mongodb\\lib\\cursor\\find_cursor.js:62:26)\n    at async FindCursor.cursorInit (D:\\NodeProjects\\Shops-API\\node_modules\\mongodb\\lib\\cursor\\abstract_cursor.js:620:27)\n    at async FindCursor.fetchBatch (D:\\NodeProjects\\Shops-API\\node_modules\\mongodb\\lib\\cursor\\abstract_cursor.js:654:13)\n    at async FindCursor.next (D:\\NodeProjects\\Shops-API\\node_modules\\mongodb\\lib\\cursor\\abstract_cursor.js:326:17)","timestamp":"2026-02-12T13:59:01.806Z"}
{"level":"error","message":"Executor error during find command: shopdb_test.shops :: caused by :: cannot sort with keys that are parallel arrays","method":"GET","path":"/api/v1/feed/trending","stack":"MongoServerError: Executor error during find command: shopdb_test.shops :: caused by :: cannot sort with keys that are parallel arrays\n    at Connection.sendCommand (D:\\NodeProjects\\Shops-API\\node_modules\\mongodb\\lib\\cmap\\connection.js:320:27)\n    at process.processTicksAndRejections (node:internal/process/task_queues:103:5)\n    at async Connection.command (D:\\NodeProjects\\Shops-API\\node_modules\\mongodb\\lib\\cmap\\connection.js:344:26)\n    at async Server.command (D:\\NodeProjects\\Shops-API\\node_modules\\mongodb\\lib\\sdam\\server.js:208:29)\n    at async tryOperation (D:\\NodeProjects\\Shops-API\\node_modules\\mongodb\\lib\\operations\\execute_operation.js:215:32)\n    at async executeOperation (D:\\NodeProjects\\Shops-API\\node_modules\\mongodb\\lib\\operations\\execute_operation.js:80:16)\n    at async FindCursor._initialize (D:\\NodeProjects\\Shops-API\\node_modules\\mongodb\\lib\\cursor\\find_cursor.js:62:26)\n    at async FindCursor.cursorInit (D:\\NodeProjects\\Shops-API\\node_modules\\mongodb\\lib\\cursor\\abstract_cursor.js:620:27)\n    at async FindCursor.fetchBatch (D:\\NodeProjects\\Shops-API\\node_modules\\mongodb\\lib\\cursor\\abstract_cursor.js:654:13)\n    at async FindCursor.next (D:\\NodeProjects\\Shops-API\\node_modules\\mongodb\\lib\\cursor\\abstract_cursor.js:326:17)","timestamp":"2026-02-12T14:00:16.285Z"}
{"level":"error","message":"Cast to ObjectId failed for value \"{{userId}}\" (type string) at path \"_id\" for model \"User\"","method":"POST","path":"/api/v1/admin/users/%7B%7BuserId%7D%7D/ban","stack":"CastError: Cast to ObjectId failed for value \"{{userId}}\" (type string) at path \"_id\" for model \"User\"\n    at SchemaObjectId.cast (D:\\NodeProjects\\Shops-API\\node_modules\\mongoose\\lib\\schema\\objectId.js:253:11)\n    at SchemaType.applySetters (D:\\NodeProjects\\Shops-API\\node_modules\\mongoose\\lib\\schemaType.js:1280:12)\n    at SchemaType.castForQuery (D:\\NodeProjects\\Shops-API\\node_modules\\mongoose\\lib\\schemaType.js:1706:17)\n    at cast (D:\\NodeProjects\\Shops-API\\node_modules\\mongoose\\lib\\cast.js:386:32)\n    at Query.cast (D:\\NodeProjects\\Shops-API\\node_modules\\mongoose\\lib\\query.js:5050:12)\n    at Query._castConditions (D:\\NodeProjects\\Shops-API\\node_modules\\mongoose\\lib\\query.js:2374:10)\n    at model.Query._findOne (D:\\NodeProjects\\Shops-API\\node_modules\\mongoose\\lib\\query.js:2714:8)\n    at model.Query.exec (D:\\NodeProjects\\Shops-API\\node_modules\\mongoose\\lib\\query.js:4662:80)\n    at process.processTicksAndRejections (node:internal/process/task_queues:103:5)\n    at async file:///D:/NodeProjects/Shops-API/src/controllers/admin.js:105:16","timestamp":"2026-02-12T14:07:49.456Z"}
{"level":"error","message":"Cast to ObjectId failed for value \"{{userId}}\" (type string) at path \"_id\" for model \"User\"","method":"POST","path":"/api/v1/admin/users/%7B%7BuserId%7D%7D/unban","stack":"CastError: Cast to ObjectId failed for value \"{{userId}}\" (type string) at path \"_id\" for model \"User\"\n    at SchemaObjectId.cast (D:\\NodeProjects\\Shops-API\\node_modules\\mongoose\\lib\\schema\\objectId.js:253:11)\n    at SchemaType.applySetters (D:\\NodeProjects\\Shops-API\\node_modules\\mongoose\\lib\\schemaType.js:1280:12)\n    at SchemaType.castForQuery (D:\\NodeProjects\\Shops-API\\node_modules\\mongoose\\lib\\schemaType.js:1706:17)\n    at cast (D:\\NodeProjects\\Shops-API\\node_modules\\mongoose\\lib\\cast.js:386:32)\n    at Query.cast (D:\\NodeProjects\\Shops-API\\node_modules\\mongoose\\lib\\query.js:5050:12)\n    at Query._castConditions (D:\\NodeProjects\\Shops-API\\node_modules\\mongoose\\lib\\query.js:2374:10)\n    at model.Query._findOne (D:\\NodeProjects\\Shops-API\\node_modules\\mongoose\\lib\\query.js:2714:8)\n    at model.Query.exec (D:\\NodeProjects\\Shops-API\\node_modules\\mongoose\\lib\\query.js:4662:80)\n    at process.processTicksAndRejections (node:internal/process/task_queues:103:5)\n    at async file:///D:/NodeProjects/Shops-API/src/controllers/admin.js:117:16","timestamp":"2026-02-12T14:08:02.988Z"}
